Using pre-set license
Built from '2021.3/staging' branch; Version is '2021.3.3f1 (af2e63e8f9bd) revision 11480675'; Using compiler version '192829333'; Build Type 'Release'
OS: 'Windows 10  (10.0.19043) 64bit Professional' Language: 'ko' Physical Memory: 16315 MB
BatchMode: 1, IsHumanControllingUs: 0, StartBugReporterOnCrash: 0, Is64bit: 1, IsPro: 1

COMMAND LINE ARGUMENTS:
C:\Program Files\Unity\Hub\Editor\2021.3.3f1\Editor\Unity.exe
-adb2
-batchMode
-noUpm
-name
AssetImportWorker2
-projectPath
D:/TeamProject/FinalProject/FinalProject
-logFile
Logs/AssetImportWorker2.log
-srvPort
65135
Successfully changed project path to: D:/TeamProject/FinalProject/FinalProject
D:/TeamProject/FinalProject/FinalProject
[UnityMemory] Configuration Parameters - Can be set up in boot.config
    "memorysetup-bucket-allocator-granularity=16"
    "memorysetup-bucket-allocator-bucket-count=8"
    "memorysetup-bucket-allocator-block-size=33554432"
    "memorysetup-bucket-allocator-block-count=8"
    "memorysetup-main-allocator-block-size=16777216"
    "memorysetup-thread-allocator-block-size=16777216"
    "memorysetup-gfx-main-allocator-block-size=16777216"
    "memorysetup-gfx-thread-allocator-block-size=16777216"
    "memorysetup-cache-allocator-block-size=4194304"
    "memorysetup-typetree-allocator-block-size=2097152"
    "memorysetup-profiler-bucket-allocator-granularity=16"
    "memorysetup-profiler-bucket-allocator-bucket-count=8"
    "memorysetup-profiler-bucket-allocator-block-size=33554432"
    "memorysetup-profiler-bucket-allocator-block-count=8"
    "memorysetup-profiler-allocator-block-size=16777216"
    "memorysetup-profiler-editor-allocator-block-size=1048576"
    "memorysetup-temp-allocator-size-main=16777216"
    "memorysetup-job-temp-allocator-block-size=2097152"
    "memorysetup-job-temp-allocator-block-size-background=1048576"
    "memorysetup-job-temp-allocator-reduction-small-platforms=262144"
    "memorysetup-temp-allocator-size-background-worker=32768"
    "memorysetup-temp-allocator-size-job-worker=262144"
    "memorysetup-temp-allocator-size-preload-manager=33554432"
    "memorysetup-temp-allocator-size-nav-mesh-worker=65536"
    "memorysetup-temp-allocator-size-audio-worker=65536"
    "memorysetup-temp-allocator-size-cloud-worker=32768"
    "memorysetup-temp-allocator-size-gi-baking-worker=262144"
    "memorysetup-temp-allocator-size-gfx=262144"
Refreshing native plugins compatible for Editor in 117.36 ms, found 3 plugins.
Preloading 0 native plugins for Editor in 0.00 ms.
Initialize engine version: 2021.3.3f1 (af2e63e8f9bd)
[Subsystems] Discovering subsystems at path C:/Program Files/Unity/Hub/Editor/2021.3.3f1/Editor/Data/Resources/UnitySubsystems
[Subsystems] Discovering subsystems at path D:/TeamProject/FinalProject/FinalProject/Assets
GfxDevice: creating device client; threaded=0; jobified=0
Direct3D:
    Version:  Direct3D 11.0 [level 11.1]
    Renderer: NVIDIA GeForce GTX 1660 SUPER (ID=0x21c4)
    Vendor:   NVIDIA
    VRAM:     5991 MB
    Driver:   30.0.15.1179
Initialize mono
Mono path[0] = 'C:/Program Files/Unity/Hub/Editor/2021.3.3f1/Editor/Data/Managed'
Mono path[1] = 'C:/Program Files/Unity/Hub/Editor/2021.3.3f1/Editor/Data/MonoBleedingEdge/lib/mono/unityjit-win32'
Mono config path = 'C:/Program Files/Unity/Hub/Editor/2021.3.3f1/Editor/Data/MonoBleedingEdge/etc'
Using monoOptions --debugger-agent=transport=dt_socket,embedding=1,server=y,suspend=n,address=127.0.0.1:56648
Begin MonoManager ReloadAssembly
Registering precompiled unity dll's ...
Register platform support module: C:/Program Files/Unity/Hub/Editor/2021.3.3f1/Editor/Data/PlaybackEngines/AndroidPlayer/UnityEditor.Android.Extensions.dll
Register platform support module: C:/Program Files/Unity/Hub/Editor/2021.3.3f1/Editor/Data/PlaybackEngines/WindowsStandaloneSupport/UnityEditor.WindowsStandalone.Extensions.dll
Registered in 0.007983 seconds.
Native extension for WindowsStandalone target not found
Native extension for Android target not found
Refreshing native plugins compatible for Editor in 85.86 ms, found 3 plugins.
Preloading 0 native plugins for Editor in 0.00 ms.
Mono: successfully reloaded assembly
- Completed reload, in  0.598 seconds
Domain Reload Profiling:
	ReloadAssembly (599ms)
		BeginReloadAssembly (73ms)
			ExecutionOrderSort (0ms)
			DisableScriptedObjects (0ms)
			BackupInstance (0ms)
			ReleaseScriptingObjects (0ms)
			CreateAndSetChildDomain (1ms)
		EndReloadAssembly (422ms)
			LoadAssemblies (71ms)
			RebuildTransferFunctionScriptingTraits (0ms)
			SetupTypeCache (92ms)
			ReleaseScriptCaches (0ms)
			RebuildScriptCaches (23ms)
			SetupLoadedEditorAssemblies (263ms)
				LogAssemblyErrors (0ms)
				InitializePlatformSupportModulesInManaged (51ms)
				SetLoadedEditorAssemblies (0ms)
				RefreshPlugins (86ms)
				BeforeProcessingInitializeOnLoad (1ms)
				ProcessInitializeOnLoadAttributes (82ms)
				ProcessInitializeOnLoadMethodAttributes (42ms)
				AfterProcessingInitializeOnLoad (0ms)
				EditorAssembliesLoaded (0ms)
			ExecutionOrderSort2 (0ms)
			AwakeInstancesAfterBackupRestoration (0ms)
Platform modules already initialized, skipping
Registering precompiled user dll's ...
Registered in 0.004015 seconds.
Begin MonoManager ReloadAssembly
Symbol file LoadedFromMemory doesn't match image D:\TeamProject\FinalProject\FinalProject\Library\PackageCache\com.unity.visualscripting@1.7.6\Editor\VisualScripting.Core\Dependencies\YamlDotNet\Unity.VisualScripting.YamlDotNet.dll
Symbol file LoadedFromMemory doesn't match image D:\TeamProject\FinalProject\FinalProject\Library\PackageCache\com.unity.visualscripting@1.7.6\Editor\VisualScripting.Core\Dependencies\DotNetZip\Unity.VisualScripting.IonicZip.dll
Native extension for WindowsStandalone target not found
Native extension for Android target not found
Refreshing native plugins compatible for Editor in 0.65 ms, found 3 plugins.
Preloading 0 native plugins for Editor in 0.00 ms.
Mono: successfully reloaded assembly
- Completed reload, in  1.026 seconds
Domain Reload Profiling:
	ReloadAssembly (1027ms)
		BeginReloadAssembly (212ms)
			ExecutionOrderSort (0ms)
			DisableScriptedObjects (5ms)
			BackupInstance (0ms)
			ReleaseScriptingObjects (0ms)
			CreateAndSetChildDomain (122ms)
		EndReloadAssembly (712ms)
			LoadAssemblies (80ms)
			RebuildTransferFunctionScriptingTraits (0ms)
			SetupTypeCache (234ms)
			ReleaseScriptCaches (1ms)
			RebuildScriptCaches (47ms)
			SetupLoadedEditorAssemblies (322ms)
				LogAssemblyErrors (0ms)
				InitializePlatformSupportModulesInManaged (14ms)
				SetLoadedEditorAssemblies (0ms)
				RefreshPlugins (1ms)
				BeforeProcessingInitializeOnLoad (87ms)
				ProcessInitializeOnLoadAttributes (187ms)
				ProcessInitializeOnLoadMethodAttributes (24ms)
				AfterProcessingInitializeOnLoad (9ms)
				EditorAssembliesLoaded (0ms)
			ExecutionOrderSort2 (0ms)
			AwakeInstancesAfterBackupRestoration (11ms)
Platform modules already initialized, skipping
========================================================================
Worker process is ready to serve import requests
Launched and connected shader compiler UnityShaderCompiler.exe after 0.06 seconds
Refreshing native plugins compatible for Editor in 0.68 ms, found 3 plugins.
Preloading 0 native plugins for Editor in 0.00 ms.
Unloading 3419 Unused Serialized files (Serialized files now loaded: 0)
Unloading 26 unused Assets / (112.5 KB). Loaded Objects now: 3881.
Memory consumption went from 119.6 MB to 119.5 MB.
Total: 3.140900 ms (FindLiveObjects: 0.297600 ms CreateObjectMapping: 0.091200 ms MarkObjects: 2.652000 ms  DeleteObjects: 0.099400 ms)

AssetImportParameters requested are different than current active one (requested -> active):
  custom:video-decoder-ogg-theora: a1e56fd34408186e4bbccfd4996cb3dc -> 
  custom:container-muxer-webm: aa71ff27fc2769a1b78a27578f13a17b -> 
  custom:container-demuxer-webm: 4f35f7cbe854078d1ac9338744f61a02 -> 
  custom:video-encoder-webm-vp8: eb34c28f22e8b96e1ab97ce403110664 -> 
  custom:audio-encoder-webm-vorbis: bf7c407c2cedff20999df2af8eb42d56 -> 
  custom:framework-win-MediaFoundation: 216162199b28c13a410421893ffa2e32 -> 
  custom:container-demuxer-ogg: 62fdf1f143b41e24485cea50d1cbac27 -> 
  custom:video-decoder-webm-vp8: 9c59270c3fd7afecdb556c50c9e8de78 -> 
  custom:audio-decoder-ogg-vorbis: bf7c407c2cedff20999df2af8eb42d56 -> 
========================================================================
Received Import Request.
  Time since last request: 1438.251335 seconds.
  path: Assets/Prefabs
  artifactKey: Guid(c53386516cf537948a13f51328e5c124) Importer(815301076,1909f56bfc062723c751e8b465ee728b)
Start importing Assets/Prefabs using Guid(c53386516cf537948a13f51328e5c124) Importer(815301076,1909f56bfc062723c751e8b465ee728b)  -> (artifact id: '40189cb5ed6159d7e768ccf6926533c4') in 0.011165 seconds 
========================================================================
Received Import Request.
  Time since last request: 0.059277 seconds.
  path: Assets/Prefabs/bird 1.prefab
  artifactKey: Guid(7b9cc58b26ded5545b9bfa860f440626) Importer(815301076,1909f56bfc062723c751e8b465ee728b)
Start importing Assets/Prefabs/bird 1.prefab using Guid(7b9cc58b26ded5545b9bfa860f440626) Importer(815301076,1909f56bfc062723c751e8b465ee728b)  -> (artifact id: '5cd08dc86525af698c12fedb6697e0e5') in 0.101166 seconds 
========================================================================
Received Import Request.
  Time since last request: 4.836351 seconds.
  path: Assets/Fonts
  artifactKey: Guid(320c42a977490644e981102311317fb4) Importer(815301076,1909f56bfc062723c751e8b465ee728b)
Start importing Assets/Fonts using Guid(320c42a977490644e981102311317fb4) Importer(815301076,1909f56bfc062723c751e8b465ee728b)  -> (artifact id: '86b5a8e2f1c11374f549a542440b801a') in 0.006526 seconds 
========================================================================
Received Import Request.
  Time since last request: 5.360564 seconds.
  path: Assets/Vertical 2D Shooting BE4
  artifactKey: Guid(1260f4631173b5745a2d210e27351018) Importer(815301076,1909f56bfc062723c751e8b465ee728b)
Start importing Assets/Vertical 2D Shooting BE4 using Guid(1260f4631173b5745a2d210e27351018) Importer(815301076,1909f56bfc062723c751e8b465ee728b)  -> (artifact id: '148f1736cf72394fcf8df9b54f709486') in 0.004942 seconds 
========================================================================
Received Import Request.
  Time since last request: 1.168901 seconds.
  path: Assets/Vertical 2D Shooting BE4/Sprites
  artifactKey: Guid(d1fb3afc6cd8a4248b60a02bf126467a) Importer(815301076,1909f56bfc062723c751e8b465ee728b)
Start importing Assets/Vertical 2D Shooting BE4/Sprites using Guid(d1fb3afc6cd8a4248b60a02bf126467a) Importer(815301076,1909f56bfc062723c751e8b465ee728b)  -> (artifact id: '3dd91dd5157d830d41f0e36046b93628') in 0.004517 seconds 
========================================================================
Received Import Request.
  Time since last request: 0.055223 seconds.
  path: Assets/Vertical 2D Shooting BE4/Sprites/Background Grid.png
  artifactKey: Guid(116f5946c869de149b064ad08c6b7e42) Importer(815301076,1909f56bfc062723c751e8b465ee728b)
Start importing Assets/Vertical 2D Shooting BE4/Sprites/Background Grid.png using Guid(116f5946c869de149b064ad08c6b7e42) Importer(815301076,1909f56bfc062723c751e8b465ee728b)  -> (artifact id: '2325a658da0c2fda04e209abd81fc5ee') in 0.083474 seconds 
========================================================================
Received Import Request.
  Time since last request: 0.000020 seconds.
  path: Assets/Vertical 2D Shooting BE4/Sprites/Enemies.png
  artifactKey: Guid(138040323294fd440a3a823e5d70ad01) Importer(815301076,1909f56bfc062723c751e8b465ee728b)
Start importing Assets/Vertical 2D Shooting BE4/Sprites/Enemies.png using Guid(138040323294fd440a3a823e5d70ad01) Importer(815301076,1909f56bfc062723c751e8b465ee728b)  -> (artifact id: '5ae7483cd283a468ba42e0ec522c973d') in 0.048071 seconds 
========================================================================
Received Import Request.
  Time since last request: 2149.380713 seconds.
  path: Assets/UI Resources/ironButton_me.png
  artifactKey: Guid(4584b22df1754964884c3ef6898028db) Importer(815301076,1909f56bfc062723c751e8b465ee728b)
Start importing Assets/UI Resources/ironButton_me.png using Guid(4584b22df1754964884c3ef6898028db) Importer(815301076,1909f56bfc062723c751e8b465ee728b)  -> (artifact id: 'e85e89839cb50e3faf057075e8dd733d') in 0.033907 seconds 
========================================================================
Received Import Request.
  Time since last request: 0.000033 seconds.
  path: Assets/UI Resources/ironButton_re.png
  artifactKey: Guid(019120e204b87f84d80b9ba7efaf3d29) Importer(815301076,1909f56bfc062723c751e8b465ee728b)
Start importing Assets/UI Resources/ironButton_re.png using Guid(019120e204b87f84d80b9ba7efaf3d29) Importer(815301076,1909f56bfc062723c751e8b465ee728b)  -> (artifact id: 'ef3e2b2459924e23df25505b8e9ce6e9') in 0.014590 seconds 
========================================================================
Received Import Request.
  Time since last request: 8.104074 seconds.
  path: Assets/UI Resources/ironButton_me.png
  artifactKey: Guid(4584b22df1754964884c3ef6898028db) Importer(815301076,1909f56bfc062723c751e8b465ee728b)
Start importing Assets/UI Resources/ironButton_me.png using Guid(4584b22df1754964884c3ef6898028db) Importer(815301076,1909f56bfc062723c751e8b465ee728b)  -> (artifact id: 'c80ac5a42d94317a4db13ed4b1d5515d') in 0.045630 seconds 
========================================================================
Received Import Request.
  Time since last request: 7.758308 seconds.
  path: Assets/UI Resources/ironButton_off.png
  artifactKey: Guid(faf35cf2472fbd742a0e06ecca458f84) Importer(815301076,1909f56bfc062723c751e8b465ee728b)
Start importing Assets/UI Resources/ironButton_off.png using Guid(faf35cf2472fbd742a0e06ecca458f84) Importer(815301076,1909f56bfc062723c751e8b465ee728b)  -> (artifact id: '75aa0e52b350fad94bdc332a32c0ddac') in 0.024570 seconds 
========================================================================
Received Import Request.
  Time since last request: 5.839998 seconds.
  path: Assets/UI Resources/ironButton_re.png
  artifactKey: Guid(019120e204b87f84d80b9ba7efaf3d29) Importer(815301076,1909f56bfc062723c751e8b465ee728b)
Start importing Assets/UI Resources/ironButton_re.png using Guid(019120e204b87f84d80b9ba7efaf3d29) Importer(815301076,1909f56bfc062723c751e8b465ee728b)  -> (artifact id: '9d1041b77c1999956e4db35b478d5b1f') in 0.044794 seconds 
========================================================================
Received Import Request.
  Time since last request: 7.635202 seconds.
  path: Assets/UI Resources/ironPlate_dot1.png
  artifactKey: Guid(cea68f7f4e387b14caae47137a599bd7) Importer(815301076,1909f56bfc062723c751e8b465ee728b)
Start importing Assets/UI Resources/ironPlate_dot1.png using Guid(cea68f7f4e387b14caae47137a599bd7) Importer(815301076,1909f56bfc062723c751e8b465ee728b)  -> (artifact id: 'bca517ca16507bbbeb2022d7254127ac') in 0.123291 seconds 
