Using pre-set license
Built from '2021.3/staging' branch; Version is '2021.3.3f1 (af2e63e8f9bd) revision 11480675'; Using compiler version '192829333'; Build Type 'Release'
OS: 'Windows 10  (10.0.19043) 64bit Core' Language: 'ko' Physical Memory: 16318 MB
BatchMode: 1, IsHumanControllingUs: 0, StartBugReporterOnCrash: 0, Is64bit: 1, IsPro: 1

COMMAND LINE ARGUMENTS:
C:\Program Files\Unity 2021.3.3f1\Editor\Unity.exe
-adb2
-batchMode
-noUpm
-name
AssetImportWorker2
-projectPath
E:/3424234234
-logFile
Logs/AssetImportWorker2.log
-srvPort
14798
Successfully changed project path to: E:/3424234234
E:/3424234234
[UnityMemory] Configuration Parameters - Can be set up in boot.config
    "memorysetup-bucket-allocator-granularity=16"
    "memorysetup-bucket-allocator-bucket-count=8"
    "memorysetup-bucket-allocator-block-size=33554432"
    "memorysetup-bucket-allocator-block-count=8"
    "memorysetup-main-allocator-block-size=16777216"
    "memorysetup-thread-allocator-block-size=16777216"
    "memorysetup-gfx-main-allocator-block-size=16777216"
    "memorysetup-gfx-thread-allocator-block-size=16777216"
    "memorysetup-cache-allocator-block-size=4194304"
    "memorysetup-typetree-allocator-block-size=2097152"
    "memorysetup-profiler-bucket-allocator-granularity=16"
    "memorysetup-profiler-bucket-allocator-bucket-count=8"
    "memorysetup-profiler-bucket-allocator-block-size=33554432"
    "memorysetup-profiler-bucket-allocator-block-count=8"
    "memorysetup-profiler-allocator-block-size=16777216"
    "memorysetup-profiler-editor-allocator-block-size=1048576"
    "memorysetup-temp-allocator-size-main=16777216"
    "memorysetup-job-temp-allocator-block-size=2097152"
    "memorysetup-job-temp-allocator-block-size-background=1048576"
    "memorysetup-job-temp-allocator-reduction-small-platforms=262144"
    "memorysetup-temp-allocator-size-background-worker=32768"
    "memorysetup-temp-allocator-size-job-worker=262144"
    "memorysetup-temp-allocator-size-preload-manager=33554432"
    "memorysetup-temp-allocator-size-nav-mesh-worker=65536"
    "memorysetup-temp-allocator-size-audio-worker=65536"
    "memorysetup-temp-allocator-size-cloud-worker=32768"
    "memorysetup-temp-allocator-size-gi-baking-worker=262144"
    "memorysetup-temp-allocator-size-gfx=262144"
Refreshing native plugins compatible for Editor in 108.93 ms, found 4 plugins.
Preloading 0 native plugins for Editor in 0.00 ms.
Initialize engine version: 2021.3.3f1 (af2e63e8f9bd)
[Subsystems] Discovering subsystems at path C:/Program Files/Unity 2021.3.3f1/Editor/Data/Resources/UnitySubsystems
[Subsystems] Discovering subsystems at path E:/3424234234/Assets
GfxDevice: creating device client; threaded=0; jobified=0
Direct3D:
    Version:  Direct3D 11.0 [level 11.1]
    Renderer: NVIDIA GeForce GTX 1080 (ID=0x1b80)
    Vendor:   NVIDIA
    VRAM:     8079 MB
    Driver:   27.21.14.6677
Initialize mono
Mono path[0] = 'C:/Program Files/Unity 2021.3.3f1/Editor/Data/Managed'
Mono path[1] = 'C:/Program Files/Unity 2021.3.3f1/Editor/Data/MonoBleedingEdge/lib/mono/unityjit-win32'
Mono config path = 'C:/Program Files/Unity 2021.3.3f1/Editor/Data/MonoBleedingEdge/etc'
Using monoOptions --debugger-agent=transport=dt_socket,embedding=1,server=y,suspend=n,address=127.0.0.1:56060
Begin MonoManager ReloadAssembly
Registering precompiled unity dll's ...
Register platform support module: C:/Program Files/Unity 2021.3.3f1/Editor/Data/PlaybackEngines/WindowsStandaloneSupport/UnityEditor.WindowsStandalone.Extensions.dll
Registered in 0.010948 seconds.
Native extension for WindowsStandalone target not found
Refreshing native plugins compatible for Editor in 105.14 ms, found 4 plugins.
Preloading 0 native plugins for Editor in 0.00 ms.
Mono: successfully reloaded assembly
- Completed reload, in  0.683 seconds
Domain Reload Profiling:
	ReloadAssembly (684ms)
		BeginReloadAssembly (90ms)
			ExecutionOrderSort (0ms)
			DisableScriptedObjects (0ms)
			BackupInstance (0ms)
			ReleaseScriptingObjects (0ms)
			CreateAndSetChildDomain (1ms)
		EndReloadAssembly (468ms)
			LoadAssemblies (86ms)
			RebuildTransferFunctionScriptingTraits (0ms)
			SetupTypeCache (102ms)
			ReleaseScriptCaches (0ms)
			RebuildScriptCaches (26ms)
			SetupLoadedEditorAssemblies (285ms)
				LogAssemblyErrors (0ms)
				InitializePlatformSupportModulesInManaged (8ms)
				SetLoadedEditorAssemblies (0ms)
				RefreshPlugins (105ms)
				BeforeProcessingInitializeOnLoad (1ms)
				ProcessInitializeOnLoadAttributes (119ms)
				ProcessInitializeOnLoadMethodAttributes (52ms)
				AfterProcessingInitializeOnLoad (0ms)
				EditorAssembliesLoaded (0ms)
			ExecutionOrderSort2 (0ms)
			AwakeInstancesAfterBackupRestoration (0ms)
Platform modules already initialized, skipping
Registering precompiled user dll's ...
Registered in 0.007751 seconds.
Begin MonoManager ReloadAssembly
Symbol file LoadedFromMemory doesn't match image E:\3424234234\Library\PackageCache\com.unity.visualscripting@1.7.6\Editor\VisualScripting.Core\Dependencies\YamlDotNet\Unity.VisualScripting.YamlDotNet.dll
Symbol file LoadedFromMemory doesn't match image E:\3424234234\Library\PackageCache\com.unity.visualscripting@1.7.6\Editor\VisualScripting.Core\Dependencies\DotNetZip\Unity.VisualScripting.IonicZip.dll
Native extension for WindowsStandalone target not found
Refreshing native plugins compatible for Editor in 1.04 ms, found 4 plugins.
Preloading 0 native plugins for Editor in 0.00 ms.
Mono: successfully reloaded assembly
- Completed reload, in  1.209 seconds
Domain Reload Profiling:
	ReloadAssembly (1210ms)
		BeginReloadAssembly (136ms)
			ExecutionOrderSort (0ms)
			DisableScriptedObjects (5ms)
			BackupInstance (0ms)
			ReleaseScriptingObjects (0ms)
			CreateAndSetChildDomain (21ms)
		EndReloadAssembly (952ms)
			LoadAssemblies (115ms)
			RebuildTransferFunctionScriptingTraits (0ms)
			SetupTypeCache (299ms)
			ReleaseScriptCaches (1ms)
			RebuildScriptCaches (68ms)
			SetupLoadedEditorAssemblies (440ms)
				LogAssemblyErrors (0ms)
				InitializePlatformSupportModulesInManaged (6ms)
				SetLoadedEditorAssemblies (1ms)
				RefreshPlugins (1ms)
				BeforeProcessingInitializeOnLoad (120ms)
				ProcessInitializeOnLoadAttributes (272ms)
				ProcessInitializeOnLoadMethodAttributes (25ms)
				AfterProcessingInitializeOnLoad (15ms)
				EditorAssembliesLoaded (0ms)
			ExecutionOrderSort2 (0ms)
			AwakeInstancesAfterBackupRestoration (15ms)
Platform modules already initialized, skipping
========================================================================
Worker process is ready to serve import requests
Launched and connected shader compiler UnityShaderCompiler.exe after 0.09 seconds
Refreshing native plugins compatible for Editor in 0.60 ms, found 4 plugins.
Preloading 0 native plugins for Editor in 0.00 ms.
Unloading 4371 Unused Serialized files (Serialized files now loaded: 0)
Unloading 48 unused Assets / (182.9 KB). Loaded Objects now: 4821.
Memory consumption went from 163.5 MB to 163.4 MB.
Total: 3.069700 ms (FindLiveObjects: 0.326800 ms CreateObjectMapping: 0.247700 ms MarkObjects: 2.378200 ms  DeleteObjects: 0.115800 ms)

AssetImportParameters requested are different than current active one (requested -> active):
  custom:video-decoder-ogg-theora: a1e56fd34408186e4bbccfd4996cb3dc -> 
  custom:container-muxer-webm: aa71ff27fc2769a1b78a27578f13a17b -> 
  custom:container-demuxer-webm: 4f35f7cbe854078d1ac9338744f61a02 -> 
  custom:video-encoder-webm-vp8: eb34c28f22e8b96e1ab97ce403110664 -> 
  custom:audio-encoder-webm-vorbis: bf7c407c2cedff20999df2af8eb42d56 -> 
  custom:framework-win-MediaFoundation: 216162199b28c13a410421893ffa2e32 -> 
  custom:container-demuxer-ogg: 62fdf1f143b41e24485cea50d1cbac27 -> 
  custom:video-decoder-webm-vp8: 9c59270c3fd7afecdb556c50c9e8de78 -> 
  custom:audio-decoder-ogg-vorbis: bf7c407c2cedff20999df2af8eb42d56 -> 
========================================================================
Received Import Request.
  Time since last request: 69090.350435 seconds.
  path: Assets/Free Pixel Space Platform Pack/Platforms
  artifactKey: Guid(b659e377044f6e84689255741e67af15) Importer(815301076,1909f56bfc062723c751e8b465ee728b)
Start importing Assets/Free Pixel Space Platform Pack/Platforms using Guid(b659e377044f6e84689255741e67af15) Importer(815301076,1909f56bfc062723c751e8b465ee728b)  -> (artifact id: '7f35175a3af53b6c631dbf9f0b28c9d5') in 0.010681 seconds 
========================================================================
Received Import Request.
  Time since last request: 0.042325 seconds.
  path: Assets/Free Pixel Space Platform Pack/Platforms/Platform_01.png
  artifactKey: Guid(d5a5a095533998846bf0837cde435e5d) Importer(815301076,1909f56bfc062723c751e8b465ee728b)
Start importing Assets/Free Pixel Space Platform Pack/Platforms/Platform_01.png using Guid(d5a5a095533998846bf0837cde435e5d) Importer(815301076,1909f56bfc062723c751e8b465ee728b)  -> (artifact id: 'fb3cecfe32d6c5731011a1cf7784fb46') in 0.198736 seconds 
========================================================================
Received Import Request.
  Time since last request: 1.466337 seconds.
  path: Assets/Free Pixel Space Platform Pack/Portal
  artifactKey: Guid(04174a520acdf614392a06beff124411) Importer(815301076,1909f56bfc062723c751e8b465ee728b)
Start importing Assets/Free Pixel Space Platform Pack/Portal using Guid(04174a520acdf614392a06beff124411) Importer(815301076,1909f56bfc062723c751e8b465ee728b)  -> (artifact id: 'bdd9166e540d84aed606d54248ceddac') in 0.005458 seconds 
========================================================================
Received Import Request.
  Time since last request: 0.047434 seconds.
  path: Assets/Free Pixel Space Platform Pack/Portal/PortalOff.png
  artifactKey: Guid(ecb1aaf3f627cd44e80d674bfd9228f2) Importer(815301076,1909f56bfc062723c751e8b465ee728b)
Start importing Assets/Free Pixel Space Platform Pack/Portal/PortalOff.png using Guid(ecb1aaf3f627cd44e80d674bfd9228f2) Importer(815301076,1909f56bfc062723c751e8b465ee728b)  -> (artifact id: '58cc7dc71034c2220cd84ddc0a52d700') in 0.038786 seconds 
========================================================================
Received Import Request.
  Time since last request: 3.066401 seconds.
  path: Assets/Free Pixel Space Platform Pack/Spikes/Spike_01.png
  artifactKey: Guid(2bf6f07b07a95fa4b82d50ebaa4d46c2) Importer(815301076,1909f56bfc062723c751e8b465ee728b)
Start importing Assets/Free Pixel Space Platform Pack/Spikes/Spike_01.png using Guid(2bf6f07b07a95fa4b82d50ebaa4d46c2) Importer(815301076,1909f56bfc062723c751e8b465ee728b)  -> (artifact id: '6802144ffe78faa5f9eb4aa92bb8739a') in 0.070329 seconds 
========================================================================
Received Import Request.
  Time since last request: 1.413585 seconds.
  path: Assets/Free Pixel Space Platform Pack/Stones
  artifactKey: Guid(c9c1d1b07d7e0b1479cc184eee55f906) Importer(815301076,1909f56bfc062723c751e8b465ee728b)
Start importing Assets/Free Pixel Space Platform Pack/Stones using Guid(c9c1d1b07d7e0b1479cc184eee55f906) Importer(815301076,1909f56bfc062723c751e8b465ee728b)  -> (artifact id: '2a1e4c9026fb4088f773001a32d1d3de') in 0.005191 seconds 
========================================================================
Received Import Request.
  Time since last request: 0.047785 seconds.
  path: Assets/Free Pixel Space Platform Pack/Stones/Stone_01.png
  artifactKey: Guid(debef134526346940b471883e36516ad) Importer(815301076,1909f56bfc062723c751e8b465ee728b)
Start importing Assets/Free Pixel Space Platform Pack/Stones/Stone_01.png using Guid(debef134526346940b471883e36516ad) Importer(815301076,1909f56bfc062723c751e8b465ee728b)  -> (artifact id: 'a038577c5def5c0665b55b9946f0d61a') in 0.031310 seconds 
========================================================================
Received Import Request.
  Time since last request: 1.589723 seconds.
  path: Assets/Free Pixel Space Platform Pack/Tiles
  artifactKey: Guid(a0d815329c8e65740ac96703b0230571) Importer(815301076,1909f56bfc062723c751e8b465ee728b)
Start importing Assets/Free Pixel Space Platform Pack/Tiles using Guid(a0d815329c8e65740ac96703b0230571) Importer(815301076,1909f56bfc062723c751e8b465ee728b)  -> (artifact id: '032ca4bf480c475f7b2deb36da4f6394') in 0.005570 seconds 
========================================================================
Received Import Request.
  Time since last request: 0.047323 seconds.
  path: Assets/Free Pixel Space Platform Pack/Tiles/LeftSteps.png
  artifactKey: Guid(2e95defa14adf5e41b37eebf7a7db3ee) Importer(815301076,1909f56bfc062723c751e8b465ee728b)
Start importing Assets/Free Pixel Space Platform Pack/Tiles/LeftSteps.png using Guid(2e95defa14adf5e41b37eebf7a7db3ee) Importer(815301076,1909f56bfc062723c751e8b465ee728b)  -> (artifact id: '62533e14180b3b9bd48835417f3afeb6') in 0.030728 seconds 
========================================================================
Received Import Request.
  Time since last request: 0.000019 seconds.
  path: Assets/Free Pixel Space Platform Pack/Tiles/TileLeftRight.png
  artifactKey: Guid(43328411098f27d4dbe577fd4b4d9f15) Importer(815301076,1909f56bfc062723c751e8b465ee728b)
Start importing Assets/Free Pixel Space Platform Pack/Tiles/TileLeftRight.png using Guid(43328411098f27d4dbe577fd4b4d9f15) Importer(815301076,1909f56bfc062723c751e8b465ee728b)  -> (artifact id: 'a2ae9eead2c9370adc6f5b625329a5bc') in 0.036414 seconds 
========================================================================
Received Import Request.
  Time since last request: 0.000021 seconds.
  path: Assets/Free Pixel Space Platform Pack/Tiles/TileLeft.png
  artifactKey: Guid(6a76e32b09013ab438a77b41d382d353) Importer(815301076,1909f56bfc062723c751e8b465ee728b)
Start importing Assets/Free Pixel Space Platform Pack/Tiles/TileLeft.png using Guid(6a76e32b09013ab438a77b41d382d353) Importer(815301076,1909f56bfc062723c751e8b465ee728b)  -> (artifact id: 'b1ea4e7628334298b8cf4c8b64b643e4') in 0.031917 seconds 
========================================================================
Received Import Request.
  Time since last request: 0.000021 seconds.
  path: Assets/Free Pixel Space Platform Pack/Tiles/TileForward.png
  artifactKey: Guid(046b0256d2fa2c64fb3a7689fffbaf3f) Importer(815301076,1909f56bfc062723c751e8b465ee728b)
Start importing Assets/Free Pixel Space Platform Pack/Tiles/TileForward.png using Guid(046b0256d2fa2c64fb3a7689fffbaf3f) Importer(815301076,1909f56bfc062723c751e8b465ee728b)  -> (artifact id: '68a48db67f9cf1fd0229473f062eb340') in 0.030641 seconds 
========================================================================
Received Import Request.
  Time since last request: 15.425886 seconds.
  path: Assets/Free Pixel Space Platform Pack/Astronaut/Player.controller
  artifactKey: Guid(faf99795af8eef84dab4c85234118991) Importer(815301076,1909f56bfc062723c751e8b465ee728b)
Start importing Assets/Free Pixel Space Platform Pack/Astronaut/Player.controller using Guid(faf99795af8eef84dab4c85234118991) Importer(815301076,1909f56bfc062723c751e8b465ee728b)  -> (artifact id: 'e4edcfff61d982c4c8e43f0bc7e0be16') in 0.013852 seconds 
========================================================================
Received Import Request.
  Time since last request: 2.120892 seconds.
  path: Assets/Free Pixel Space Platform Pack/Astronaut/left.anim
  artifactKey: Guid(ddafc1e4840dfa7448489a91eff045df) Importer(815301076,1909f56bfc062723c751e8b465ee728b)
Start importing Assets/Free Pixel Space Platform Pack/Astronaut/left.anim using Guid(ddafc1e4840dfa7448489a91eff045df) Importer(815301076,1909f56bfc062723c751e8b465ee728b)  -> (artifact id: '79ebef7e3306a013c31e79176e267b88') in 0.009093 seconds 
========================================================================
Received Import Request.
  Time since last request: 0.350056 seconds.
  path: Assets/Free Pixel Space Platform Pack/Astronaut/PLAYER.anim
  artifactKey: Guid(bb03da2c1eb4b4b4dac890e40a1443d5) Importer(815301076,1909f56bfc062723c751e8b465ee728b)
Start importing Assets/Free Pixel Space Platform Pack/Astronaut/PLAYER.anim using Guid(bb03da2c1eb4b4b4dac890e40a1443d5) Importer(815301076,1909f56bfc062723c751e8b465ee728b)  -> (artifact id: 'f39a67378fabac26cbe17779450c256e') in 0.006098 seconds 
========================================================================
Received Import Request.
  Time since last request: 1.901910 seconds.
  path: Assets/Free Pixel Space Platform Pack/Astronaut/AstroWalk_0.controller
  artifactKey: Guid(b9901ed754b2c1a469259156df03f85c) Importer(815301076,1909f56bfc062723c751e8b465ee728b)
Start importing Assets/Free Pixel Space Platform Pack/Astronaut/AstroWalk_0.controller using Guid(b9901ed754b2c1a469259156df03f85c) Importer(815301076,1909f56bfc062723c751e8b465ee728b)  -> (artifact id: 'c4192b2acbcba763e35cbfaf7f36cf75') in 0.005493 seconds 
========================================================================
Received Import Request.
  Time since last request: 14.495986 seconds.
  path: Assets/Free Pixel Space Platform Pack/Astronaut/AstroJump_0 1.controller
  artifactKey: Guid(63e4767b85552f742bc470f7da8d9053) Importer(815301076,1909f56bfc062723c751e8b465ee728b)
Start importing Assets/Free Pixel Space Platform Pack/Astronaut/AstroJump_0 1.controller using Guid(63e4767b85552f742bc470f7da8d9053) Importer(815301076,1909f56bfc062723c751e8b465ee728b)  -> (artifact id: 'fa962164323e7cbd94aaffd024811ffe') in 0.006646 seconds 
========================================================================
Received Prepare
Registering precompiled user dll's ...
Registered in 0.008084 seconds.
Begin MonoManager ReloadAssembly
Symbol file LoadedFromMemory doesn't match image E:\3424234234\Library\PackageCache\com.unity.visualscripting@1.7.6\Editor\VisualScripting.Core\Dependencies\YamlDotNet\Unity.VisualScripting.YamlDotNet.dll
Symbol file LoadedFromMemory doesn't match image E:\3424234234\Library\PackageCache\com.unity.visualscripting@1.7.6\Editor\VisualScripting.Core\Dependencies\DotNetZip\Unity.VisualScripting.IonicZip.dll
Native extension for WindowsStandalone target not found
Refreshing native plugins compatible for Editor in 1.07 ms, found 4 plugins.
Preloading 0 native plugins for Editor in 0.00 ms.
Error saving file Library/StateCache/LayerSettings/9e/9ecc5c3c162a7aba29bafa64c8b94b7c.json. Error: System.IO.IOException: Sharing violation on path E:\3424234234\Library\StateCache\LayerSettings\9e\9ecc5c3c162a7aba29bafa64c8b94b7c.json
  at System.IO.FileStream..ctor (System.String path, System.IO.FileMode mode, System.IO.FileAccess access, System.IO.FileShare share, System.Int32 bufferSize, System.Boolean anonymous, System.IO.FileOptions options) [0x0019e] in <6073cf49ed704e958b8a66d540dea948>:0 
  at System.IO.FileStream..ctor (System.String path, System.IO.FileMode mode, System.IO.FileAccess access, System.IO.FileShare share, System.Int32 bufferSize, System.IO.FileOptions options) [0x00000] in <6073cf49ed704e958b8a66d540dea948>:0 
  at (wrapper remoting-invoke-with-check) System.IO.FileStream..ctor(string,System.IO.FileMode,System.IO.FileAccess,System.IO.FileShare,int,System.IO.FileOptions)
  at System.IO.StreamWriter..ctor (System.String path, System.Boolean append, System.Text.Encoding encoding, System.Int32 bufferSize) [0x00055] in <6073cf49ed704e958b8a66d540dea948>:0 
  at System.IO.StreamWriter..ctor (System.String path, System.Boolean append, System.Text.Encoding encoding) [0x00000] in <6073cf49ed704e958b8a66d540dea948>:0 
  at (wrapper remoting-invoke-with-check) System.IO.StreamWriter..ctor(string,bool,System.Text.Encoding)
  at System.IO.File.WriteAllText (System.String path, System.String contents, System.Text.Encoding encoding) [0x00034] in <6073cf49ed704e958b8a66d540dea948>:0 
  at UnityEditor.StateCache`1[T].SetState (UnityEngine.Hash128 key, T obj) [0x0004b] in <31b86d204baf45de8328f2d1261a79f7>:0 
UnityEngine.StackTraceUtility:ExtractStackTrace ()
UnityEngine.DebugLogHandler:LogFormat (UnityEngine.LogType,UnityEngine.Object,string,object[])
UnityEngine.Logger:Log (UnityEngine.LogType,object)
UnityEngine.Debug:LogError (object)
UnityEditor.StateCache`1<UnityEditor.Tools/LayerSettings>:SetState (UnityEngine.Hash128,UnityEditor.Tools/LayerSettings)
UnityEditor.Tools:set_lockedLayers (int)
UnityEditor.Tools:OnEnable ()
UnityEngine.ScriptableObject:CreateInstance (System.Type)
UnityEngine.ScriptableObject:CreateInstance<UnityEditor.Tools> ()
UnityEditor.Tools:get_get ()
UnityEditor.Tools:get_visibleLayers ()
UnityEditor.Animations.Rigging.BoneRendererUtils:.cctor () (at Library/PackageCache/com.unity.animation.rigging@1.1.1/Editor/Utils/BoneRendererUtils.cs:121)
System.Runtime.CompilerServices.RuntimeHelpers:RunClassConstructor (System.RuntimeTypeHandle)
UnityEditor.EditorAssemblies:ProcessInitializeOnLoadAttributes (System.Type[])

(Filename: Library/PackageCache/com.unity.animation.rigging@1.1.1/Editor/Utils/BoneRendererUtils.cs Line: 121)

Mono: successfully reloaded assembly
- Completed reload, in  1.366 seconds
Domain Reload Profiling:
	ReloadAssembly (1366ms)
		BeginReloadAssembly (201ms)
			ExecutionOrderSort (0ms)
			DisableScriptedObjects (5ms)
			BackupInstance (0ms)
			ReleaseScriptingObjects (0ms)
			CreateAndSetChildDomain (44ms)
		EndReloadAssembly (1038ms)
			LoadAssemblies (163ms)
			RebuildTransferFunctionScriptingTraits (0ms)
			SetupTypeCache (340ms)
			ReleaseScriptCaches (2ms)
			RebuildScriptCaches (60ms)
			SetupLoadedEditorAssemblies (448ms)
				LogAssemblyErrors (0ms)
				InitializePlatformSupportModulesInManaged (15ms)
				SetLoadedEditorAssemblies (1ms)
				RefreshPlugins (1ms)
				BeforeProcessingInitializeOnLoad (104ms)
				ProcessInitializeOnLoadAttributes (273ms)
				ProcessInitializeOnLoadMethodAttributes (34ms)
				AfterProcessingInitializeOnLoad (19ms)
				EditorAssembliesLoaded (0ms)
			ExecutionOrderSort2 (0ms)
			AwakeInstancesAfterBackupRestoration (21ms)
Platform modules already initialized, skipping
Refreshing native plugins compatible for Editor in 3.62 ms, found 4 plugins.
Preloading 0 native plugins for Editor in 0.00 ms.
Unloading 4350 Unused Serialized files (Serialized files now loaded: 0)
Unloading 29 unused Assets / (149.9 KB). Loaded Objects now: 4847.
Memory consumption went from 166.3 MB to 166.2 MB.
Total: 4.752300 ms (FindLiveObjects: 0.326100 ms CreateObjectMapping: 0.237800 ms MarkObjects: 4.100400 ms  DeleteObjects: 0.087000 ms)

AssetImportParameters requested are different than current active one (requested -> active):
  custom:video-decoder-ogg-theora: a1e56fd34408186e4bbccfd4996cb3dc -> 
  custom:container-muxer-webm: aa71ff27fc2769a1b78a27578f13a17b -> 
  custom:container-demuxer-webm: 4f35f7cbe854078d1ac9338744f61a02 -> 
  custom:video-encoder-webm-vp8: eb34c28f22e8b96e1ab97ce403110664 -> 
  custom:audio-encoder-webm-vorbis: bf7c407c2cedff20999df2af8eb42d56 -> 
  custom:framework-win-MediaFoundation: 216162199b28c13a410421893ffa2e32 -> 
  custom:container-demuxer-ogg: 62fdf1f143b41e24485cea50d1cbac27 -> 
  custom:video-decoder-webm-vp8: 9c59270c3fd7afecdb556c50c9e8de78 -> 
  custom:audio-decoder-ogg-vorbis: bf7c407c2cedff20999df2af8eb42d56 -> 
========================================================================
Received Import Request.
  Time since last request: 33.706676 seconds.
  path: Assets/Script/GameManager.cs
  artifactKey: Guid(91a9fc11bba280b438312740b507f66b) Importer(815301076,1909f56bfc062723c751e8b465ee728b)
Start importing Assets/Script/GameManager.cs using Guid(91a9fc11bba280b438312740b507f66b) Importer(815301076,1909f56bfc062723c751e8b465ee728b)  -> (artifact id: '9f2e2a144ed62e529168dc5088e45361') in 0.015236 seconds 
========================================================================
Received Prepare
Registering precompiled user dll's ...
Registered in 0.007543 seconds.
Begin MonoManager ReloadAssembly
Symbol file LoadedFromMemory doesn't match image E:\3424234234\Library\PackageCache\com.unity.visualscripting@1.7.6\Editor\VisualScripting.Core\Dependencies\YamlDotNet\Unity.VisualScripting.YamlDotNet.dll
Symbol file LoadedFromMemory doesn't match image E:\3424234234\Library\PackageCache\com.unity.visualscripting@1.7.6\Editor\VisualScripting.Core\Dependencies\DotNetZip\Unity.VisualScripting.IonicZip.dll
Native extension for WindowsStandalone target not found
Refreshing native plugins compatible for Editor in 0.66 ms, found 4 plugins.
Preloading 0 native plugins for Editor in 0.00 ms.
Mono: successfully reloaded assembly
- Completed reload, in  1.115 seconds
Domain Reload Profiling:
	ReloadAssembly (1115ms)
		BeginReloadAssembly (157ms)
			ExecutionOrderSort (0ms)
			DisableScriptedObjects (5ms)
			BackupInstance (0ms)
			ReleaseScriptingObjects (0ms)
			CreateAndSetChildDomain (39ms)
		EndReloadAssembly (845ms)
			LoadAssemblies (113ms)
			RebuildTransferFunctionScriptingTraits (0ms)
			SetupTypeCache (275ms)
			ReleaseScriptCaches (1ms)
			RebuildScriptCaches (44ms)
			SetupLoadedEditorAssemblies (380ms)
				LogAssemblyErrors (0ms)
				InitializePlatformSupportModulesInManaged (13ms)
				SetLoadedEditorAssemblies (0ms)
				RefreshPlugins (1ms)
				BeforeProcessingInitializeOnLoad (90ms)
				ProcessInitializeOnLoadAttributes (232ms)
				ProcessInitializeOnLoadMethodAttributes (27ms)
				AfterProcessingInitializeOnLoad (15ms)
				EditorAssembliesLoaded (0ms)
			ExecutionOrderSort2 (0ms)
			AwakeInstancesAfterBackupRestoration (15ms)
Platform modules already initialized, skipping
Refreshing native plugins compatible for Editor in 2.05 ms, found 4 plugins.
Preloading 0 native plugins for Editor in 0.00 ms.
Unloading 4350 Unused Serialized files (Serialized files now loaded: 0)
Unloading 29 unused Assets / (149.9 KB). Loaded Objects now: 4863.
Memory consumption went from 166.3 MB to 166.2 MB.
Total: 3.839000 ms (FindLiveObjects: 0.337800 ms CreateObjectMapping: 0.274000 ms MarkObjects: 3.123400 ms  DeleteObjects: 0.102700 ms)

AssetImportParameters requested are different than current active one (requested -> active):
  custom:video-decoder-ogg-theora: a1e56fd34408186e4bbccfd4996cb3dc -> 
  custom:container-muxer-webm: aa71ff27fc2769a1b78a27578f13a17b -> 
  custom:container-demuxer-webm: 4f35f7cbe854078d1ac9338744f61a02 -> 
  custom:video-encoder-webm-vp8: eb34c28f22e8b96e1ab97ce403110664 -> 
  custom:audio-encoder-webm-vorbis: bf7c407c2cedff20999df2af8eb42d56 -> 
  custom:framework-win-MediaFoundation: 216162199b28c13a410421893ffa2e32 -> 
  custom:container-demuxer-ogg: 62fdf1f143b41e24485cea50d1cbac27 -> 
  custom:video-decoder-webm-vp8: 9c59270c3fd7afecdb556c50c9e8de78 -> 
  custom:audio-decoder-ogg-vorbis: bf7c407c2cedff20999df2af8eb42d56 -> 
========================================================================
Received Import Request.
  Time since last request: 25.175495 seconds.
  path: Assets/bird 1.prefab
  artifactKey: Guid(f2bd4cfb0eefa9a4a8e5e86d26f443b3) Importer(815301076,1909f56bfc062723c751e8b465ee728b)
Start importing Assets/bird 1.prefab using Guid(f2bd4cfb0eefa9a4a8e5e86d26f443b3) Importer(815301076,1909f56bfc062723c751e8b465ee728b)  -> (artifact id: '4f31a6a89ad286e1dfc09d1af7ae6c3d') in 0.070148 seconds 
========================================================================
Received Import Request.
  Time since last request: 38.356562 seconds.
  path: Assets/Materials/Free Pixel Space Platform Pack
  artifactKey: Guid(37183d343263f07458ca0067568e7469) Importer(815301076,1909f56bfc062723c751e8b465ee728b)
Start importing Assets/Materials/Free Pixel Space Platform Pack using Guid(37183d343263f07458ca0067568e7469) Importer(815301076,1909f56bfc062723c751e8b465ee728b)  -> (artifact id: 'd74f6121a310c531090fe247c200a386') in 0.004983 seconds 
========================================================================
Received Import Request.
  Time since last request: 6.405843 seconds.
  path: Assets/test.cs
  artifactKey: Guid(96e88e91d34eea845b1a66f22f8c8350) Importer(815301076,1909f56bfc062723c751e8b465ee728b)
Start importing Assets/test.cs using Guid(96e88e91d34eea845b1a66f22f8c8350) Importer(815301076,1909f56bfc062723c751e8b465ee728b)  -> (artifact id: '78ba799034bb7555b6fa44b7f99a3684') in 0.005235 seconds 
========================================================================
Received Import Request.
  Time since last request: 372.474788 seconds.
  path: Assets/Vertical 2D Shooting BE4
  artifactKey: Guid(e8f91d20424c57e46b3443409f72a799) Importer(815301076,1909f56bfc062723c751e8b465ee728b)
Start importing Assets/Vertical 2D Shooting BE4 using Guid(e8f91d20424c57e46b3443409f72a799) Importer(815301076,1909f56bfc062723c751e8b465ee728b)  -> (artifact id: '64aabc25a8bde369d210f365a9c2f535') in 0.005333 seconds 
========================================================================
Received Import Request.
  Time since last request: 0.917616 seconds.
  path: Assets/Vertical 2D Shooting BE4/Sprites
  artifactKey: Guid(d1fb3afc6cd8a4248b60a02bf126467a) Importer(815301076,1909f56bfc062723c751e8b465ee728b)
Start importing Assets/Vertical 2D Shooting BE4/Sprites using Guid(d1fb3afc6cd8a4248b60a02bf126467a) Importer(815301076,1909f56bfc062723c751e8b465ee728b)  -> (artifact id: 'f093fe92b6f89e76d5f1a86eeb7ad31e') in 0.004808 seconds 
========================================================================
Received Import Request.
  Time since last request: 0.047557 seconds.
  path: Assets/Vertical 2D Shooting BE4/Sprites/Background Grid.png
  artifactKey: Guid(116f5946c869de149b064ad08c6b7e42) Importer(815301076,1909f56bfc062723c751e8b465ee728b)
Start importing Assets/Vertical 2D Shooting BE4/Sprites/Background Grid.png using Guid(116f5946c869de149b064ad08c6b7e42) Importer(815301076,1909f56bfc062723c751e8b465ee728b)  -> (artifact id: '79d9d4c12ca230ca65b0ccfdc32959e0') in 0.043079 seconds 
========================================================================
Received Import Request.
  Time since last request: 0.000027 seconds.
  path: Assets/Vertical 2D Shooting BE4/Sprites/Player.png
  artifactKey: Guid(6520dda4a70dfbf40a55b7af39ecda4e) Importer(815301076,1909f56bfc062723c751e8b465ee728b)
Start importing Assets/Vertical 2D Shooting BE4/Sprites/Player.png using Guid(6520dda4a70dfbf40a55b7af39ecda4e) Importer(815301076,1909f56bfc062723c751e8b465ee728b)  -> (artifact id: '27c977ca2f88f61413ca843d028fb894') in 0.056263 seconds 
========================================================================
Received Import Request.
  Time since last request: 0.000031 seconds.
  path: Assets/Vertical 2D Shooting BE4/Sprites/Bullets.png
  artifactKey: Guid(5547e92425a5b584ba72bba3566474f0) Importer(815301076,1909f56bfc062723c751e8b465ee728b)
Start importing Assets/Vertical 2D Shooting BE4/Sprites/Bullets.png using Guid(5547e92425a5b584ba72bba3566474f0) Importer(815301076,1909f56bfc062723c751e8b465ee728b)  -> (artifact id: '2d943d051a031fb721240eaf404b37ac') in 0.045817 seconds 
========================================================================
Received Import Request.
  Time since last request: 0.000027 seconds.
  path: Assets/Vertical 2D Shooting BE4/Sprites/Enemies.png
  artifactKey: Guid(138040323294fd440a3a823e5d70ad01) Importer(815301076,1909f56bfc062723c751e8b465ee728b)
Start importing Assets/Vertical 2D Shooting BE4/Sprites/Enemies.png using Guid(138040323294fd440a3a823e5d70ad01) Importer(815301076,1909f56bfc062723c751e8b465ee728b)  -> (artifact id: '20f0703f058578326b1dfbf7320aa524') in 0.061719 seconds 
========================================================================
Received Import Request.
  Time since last request: 0.000076 seconds.
  path: Assets/Vertical 2D Shooting BE4/Sprites/Boom.png
  artifactKey: Guid(1b274654f1967224e892dc9c7c1f2625) Importer(815301076,1909f56bfc062723c751e8b465ee728b)
Start importing Assets/Vertical 2D Shooting BE4/Sprites/Boom.png using Guid(1b274654f1967224e892dc9c7c1f2625) Importer(815301076,1909f56bfc062723c751e8b465ee728b)  -> (artifact id: '521f6848cb2a36c5722fe97b56f8b66b') in 0.060804 seconds 
========================================================================
Received Import Request.
  Time since last request: 0.000049 seconds.
  path: Assets/Vertical 2D Shooting BE4/Sprites/User Interface.png
  artifactKey: Guid(6875e9ca69087ec4782ba183e2643e08) Importer(815301076,1909f56bfc062723c751e8b465ee728b)
Start importing Assets/Vertical 2D Shooting BE4/Sprites/User Interface.png using Guid(6875e9ca69087ec4782ba183e2643e08) Importer(815301076,1909f56bfc062723c751e8b465ee728b)  -> (artifact id: 'b46b918daa7bd7edc64ca49044f85c02') in 0.036617 seconds 
Editor requested this worker to shutdown with reason: Scaling down because of idle timeout
AssetImportWorker is now disconnected from the server
Process exiting
Exiting without the bug reporter. Application will terminate with return code 0