Using pre-set license
Built from '2021.3/staging' branch; Version is '2021.3.3f1 (af2e63e8f9bd) revision 11480675'; Using compiler version '192829333'; Build Type 'Release'
OS: 'Windows 10  (10.0.19043) 64bit Core' Language: 'ko' Physical Memory: 16318 MB
BatchMode: 1, IsHumanControllingUs: 0, StartBugReporterOnCrash: 0, Is64bit: 1, IsPro: 1

COMMAND LINE ARGUMENTS:
C:\Program Files\Unity 2021.3.3f1\Editor\Unity.exe
-adb2
-batchMode
-noUpm
-name
AssetImportWorker0
-projectPath
E:/TeamProject/JaeYeong/FinalProject
-logFile
Logs/AssetImportWorker0.log
-srvPort
5752
Successfully changed project path to: E:/TeamProject/JaeYeong/FinalProject
E:/TeamProject/JaeYeong/FinalProject
[UnityMemory] Configuration Parameters - Can be set up in boot.config
    "memorysetup-bucket-allocator-granularity=16"
    "memorysetup-bucket-allocator-bucket-count=8"
    "memorysetup-bucket-allocator-block-size=33554432"
    "memorysetup-bucket-allocator-block-count=8"
    "memorysetup-main-allocator-block-size=16777216"
    "memorysetup-thread-allocator-block-size=16777216"
    "memorysetup-gfx-main-allocator-block-size=16777216"
    "memorysetup-gfx-thread-allocator-block-size=16777216"
    "memorysetup-cache-allocator-block-size=4194304"
    "memorysetup-typetree-allocator-block-size=2097152"
    "memorysetup-profiler-bucket-allocator-granularity=16"
    "memorysetup-profiler-bucket-allocator-bucket-count=8"
    "memorysetup-profiler-bucket-allocator-block-size=33554432"
    "memorysetup-profiler-bucket-allocator-block-count=8"
    "memorysetup-profiler-allocator-block-size=16777216"
    "memorysetup-profiler-editor-allocator-block-size=1048576"
    "memorysetup-temp-allocator-size-main=16777216"
    "memorysetup-job-temp-allocator-block-size=2097152"
    "memorysetup-job-temp-allocator-block-size-background=1048576"
    "memorysetup-job-temp-allocator-reduction-small-platforms=262144"
    "memorysetup-temp-allocator-size-background-worker=32768"
    "memorysetup-temp-allocator-size-job-worker=262144"
    "memorysetup-temp-allocator-size-preload-manager=33554432"
    "memorysetup-temp-allocator-size-nav-mesh-worker=65536"
    "memorysetup-temp-allocator-size-audio-worker=65536"
    "memorysetup-temp-allocator-size-cloud-worker=32768"
    "memorysetup-temp-allocator-size-gi-baking-worker=262144"
    "memorysetup-temp-allocator-size-gfx=262144"
Refreshing native plugins compatible for Editor in 89.49 ms, found 3 plugins.
Preloading 0 native plugins for Editor in 0.00 ms.
Initialize engine version: 2021.3.3f1 (af2e63e8f9bd)
[Subsystems] Discovering subsystems at path C:/Program Files/Unity 2021.3.3f1/Editor/Data/Resources/UnitySubsystems
[Subsystems] Discovering subsystems at path E:/TeamProject/JaeYeong/FinalProject/Assets
GfxDevice: creating device client; threaded=0; jobified=0
Direct3D:
    Version:  Direct3D 11.0 [level 11.1]
    Renderer: NVIDIA GeForce GTX 1080 (ID=0x1b80)
    Vendor:   NVIDIA
    VRAM:     8079 MB
    Driver:   27.21.14.6677
Initialize mono
Mono path[0] = 'C:/Program Files/Unity 2021.3.3f1/Editor/Data/Managed'
Mono path[1] = 'C:/Program Files/Unity 2021.3.3f1/Editor/Data/MonoBleedingEdge/lib/mono/unityjit-win32'
Mono config path = 'C:/Program Files/Unity 2021.3.3f1/Editor/Data/MonoBleedingEdge/etc'
Using monoOptions --debugger-agent=transport=dt_socket,embedding=1,server=y,suspend=n,address=127.0.0.1:56608
Begin MonoManager ReloadAssembly
Registering precompiled unity dll's ...
Register platform support module: C:/Program Files/Unity 2021.3.3f1/Editor/Data/PlaybackEngines/WindowsStandaloneSupport/UnityEditor.WindowsStandalone.Extensions.dll
Registered in 0.010687 seconds.
Native extension for WindowsStandalone target not found
Refreshing native plugins compatible for Editor in 89.72 ms, found 3 plugins.
Preloading 0 native plugins for Editor in 0.00 ms.
Mono: successfully reloaded assembly
- Completed reload, in  0.772 seconds
Domain Reload Profiling:
	ReloadAssembly (773ms)
		BeginReloadAssembly (117ms)
			ExecutionOrderSort (0ms)
			DisableScriptedObjects (0ms)
			BackupInstance (0ms)
			ReleaseScriptingObjects (0ms)
			CreateAndSetChildDomain (1ms)
		EndReloadAssembly (516ms)
			LoadAssemblies (113ms)
			RebuildTransferFunctionScriptingTraits (0ms)
			SetupTypeCache (120ms)
			ReleaseScriptCaches (0ms)
			RebuildScriptCaches (29ms)
			SetupLoadedEditorAssemblies (301ms)
				LogAssemblyErrors (0ms)
				InitializePlatformSupportModulesInManaged (10ms)
				SetLoadedEditorAssemblies (0ms)
				RefreshPlugins (90ms)
				BeforeProcessingInitializeOnLoad (1ms)
				ProcessInitializeOnLoadAttributes (136ms)
				ProcessInitializeOnLoadMethodAttributes (63ms)
				AfterProcessingInitializeOnLoad (0ms)
				EditorAssembliesLoaded (0ms)
			ExecutionOrderSort2 (0ms)
			AwakeInstancesAfterBackupRestoration (0ms)
Platform modules already initialized, skipping
Registering precompiled user dll's ...
Registered in 0.007284 seconds.
Begin MonoManager ReloadAssembly
Symbol file LoadedFromMemory doesn't match image E:\TeamProject\JaeYeong\FinalProject\Library\PackageCache\com.unity.visualscripting@1.7.6\Editor\VisualScripting.Core\Dependencies\YamlDotNet\Unity.VisualScripting.YamlDotNet.dll
Symbol file LoadedFromMemory doesn't match image E:\TeamProject\JaeYeong\FinalProject\Library\PackageCache\com.unity.visualscripting@1.7.6\Editor\VisualScripting.Core\Dependencies\DotNetZip\Unity.VisualScripting.IonicZip.dll
Native extension for WindowsStandalone target not found
Refreshing native plugins compatible for Editor in 0.49 ms, found 3 plugins.
Preloading 0 native plugins for Editor in 0.00 ms.
Mono: successfully reloaded assembly
- Completed reload, in  1.176 seconds
Domain Reload Profiling:
	ReloadAssembly (1176ms)
		BeginReloadAssembly (144ms)
			ExecutionOrderSort (0ms)
			DisableScriptedObjects (7ms)
			BackupInstance (0ms)
			ReleaseScriptingObjects (0ms)
			CreateAndSetChildDomain (19ms)
		EndReloadAssembly (906ms)
			LoadAssemblies (116ms)
			RebuildTransferFunctionScriptingTraits (0ms)
			SetupTypeCache (286ms)
			ReleaseScriptCaches (1ms)
			RebuildScriptCaches (54ms)
			SetupLoadedEditorAssemblies (429ms)
				LogAssemblyErrors (0ms)
				InitializePlatformSupportModulesInManaged (6ms)
				SetLoadedEditorAssemblies (0ms)
				RefreshPlugins (1ms)
				BeforeProcessingInitializeOnLoad (98ms)
				ProcessInitializeOnLoadAttributes (284ms)
				ProcessInitializeOnLoadMethodAttributes (27ms)
				AfterProcessingInitializeOnLoad (13ms)
				EditorAssembliesLoaded (0ms)
			ExecutionOrderSort2 (0ms)
			AwakeInstancesAfterBackupRestoration (18ms)
Platform modules already initialized, skipping
========================================================================
Worker process is ready to serve import requests
Launched and connected shader compiler UnityShaderCompiler.exe after 0.10 seconds
Refreshing native plugins compatible for Editor in 0.59 ms, found 3 plugins.
Preloading 0 native plugins for Editor in 0.00 ms.
Unloading 3411 Unused Serialized files (Serialized files now loaded: 0)
Unloading 26 unused Assets / (112.2 KB). Loaded Objects now: 3870.
Memory consumption went from 119.0 MB to 118.9 MB.
Total: 2.703700 ms (FindLiveObjects: 0.321000 ms CreateObjectMapping: 0.189900 ms MarkObjects: 2.083000 ms  DeleteObjects: 0.108300 ms)

AssetImportParameters requested are different than current active one (requested -> active):
  custom:video-decoder-ogg-theora: a1e56fd34408186e4bbccfd4996cb3dc -> 
  custom:container-muxer-webm: aa71ff27fc2769a1b78a27578f13a17b -> 
  custom:container-demuxer-webm: 4f35f7cbe854078d1ac9338744f61a02 -> 
  custom:video-encoder-webm-vp8: eb34c28f22e8b96e1ab97ce403110664 -> 
  custom:audio-encoder-webm-vorbis: bf7c407c2cedff20999df2af8eb42d56 -> 
  custom:framework-win-MediaFoundation: 216162199b28c13a410421893ffa2e32 -> 
  custom:container-demuxer-ogg: 62fdf1f143b41e24485cea50d1cbac27 -> 
  custom:video-decoder-webm-vp8: 9c59270c3fd7afecdb556c50c9e8de78 -> 
  custom:audio-decoder-ogg-vorbis: bf7c407c2cedff20999df2af8eb42d56 -> 
========================================================================
Received Import Request.
  Time since last request: 84872.948069 seconds.
  path: Assets/sky.png
  artifactKey: Guid(13bdea4c3d237074caa23ac4c59b0301) Importer(815301076,1909f56bfc062723c751e8b465ee728b)
Start importing Assets/sky.png using Guid(13bdea4c3d237074caa23ac4c59b0301) Importer(815301076,1909f56bfc062723c751e8b465ee728b)  -> (artifact id: 'a03eb7baf6063b7ce1baaabf876ce61d') in 0.245123 seconds 
========================================================================
Received Import Request.
  Time since last request: 212.347012 seconds.
  path: Assets/Free Pixel Space Platform Pack/Background
  artifactKey: Guid(e12c2345565a9ba44b58fb655e1989cf) Importer(815301076,1909f56bfc062723c751e8b465ee728b)
Start importing Assets/Free Pixel Space Platform Pack/Background using Guid(e12c2345565a9ba44b58fb655e1989cf) Importer(815301076,1909f56bfc062723c751e8b465ee728b)  -> (artifact id: '32ef927c0291d81155174d6efdb64980') in 0.006324 seconds 
========================================================================
Received Import Request.
  Time since last request: 0.325014 seconds.
  path: Assets/Free Pixel Space Platform Pack/Ladders
  artifactKey: Guid(96cd09886ef21d94ba1637fa8e29ee20) Importer(815301076,1909f56bfc062723c751e8b465ee728b)
Start importing Assets/Free Pixel Space Platform Pack/Ladders using Guid(96cd09886ef21d94ba1637fa8e29ee20) Importer(815301076,1909f56bfc062723c751e8b465ee728b)  -> (artifact id: '452788c6e6119ea2c6d3841da5d0141e') in 0.007371 seconds 
========================================================================
Received Import Request.
  Time since last request: 0.622815 seconds.
  path: Assets/Free Pixel Space Platform Pack/Crystals
  artifactKey: Guid(c2cd175370d288f419127e24904d4b6b) Importer(815301076,1909f56bfc062723c751e8b465ee728b)
Start importing Assets/Free Pixel Space Platform Pack/Crystals using Guid(c2cd175370d288f419127e24904d4b6b) Importer(815301076,1909f56bfc062723c751e8b465ee728b)  -> (artifact id: '345a39be6d5525ec5912ba642ec7ca82') in 0.009520 seconds 
========================================================================
Received Import Request.
  Time since last request: 0.408656 seconds.
  path: Assets/Free Pixel Space Platform Pack/Platforms
  artifactKey: Guid(b659e377044f6e84689255741e67af15) Importer(815301076,1909f56bfc062723c751e8b465ee728b)
Start importing Assets/Free Pixel Space Platform Pack/Platforms using Guid(b659e377044f6e84689255741e67af15) Importer(815301076,1909f56bfc062723c751e8b465ee728b)  -> (artifact id: '7f35175a3af53b6c631dbf9f0b28c9d5') in 0.008131 seconds 
========================================================================
Received Import Request.
  Time since last request: 0.402006 seconds.
  path: Assets/Free Pixel Space Platform Pack/Portal
  artifactKey: Guid(04174a520acdf614392a06beff124411) Importer(815301076,1909f56bfc062723c751e8b465ee728b)
Start importing Assets/Free Pixel Space Platform Pack/Portal using Guid(04174a520acdf614392a06beff124411) Importer(815301076,1909f56bfc062723c751e8b465ee728b)  -> (artifact id: 'bdd9166e540d84aed606d54248ceddac') in 0.011836 seconds 
========================================================================
Received Import Request.
  Time since last request: 0.363909 seconds.
  path: Assets/Free Pixel Space Platform Pack/Scene
  artifactKey: Guid(ccb8ab6fba174a64ca0db8221f32a86c) Importer(815301076,1909f56bfc062723c751e8b465ee728b)
Start importing Assets/Free Pixel Space Platform Pack/Scene using Guid(ccb8ab6fba174a64ca0db8221f32a86c) Importer(815301076,1909f56bfc062723c751e8b465ee728b)  -> (artifact id: '83abd1091bb934a7a154214058b1b51b') in 0.014784 seconds 
========================================================================
Received Import Request.
  Time since last request: 2.161086 seconds.
  path: Assets/Free Pixel Space Platform Pack/Spikes/Spike_01.png
  artifactKey: Guid(2bf6f07b07a95fa4b82d50ebaa4d46c2) Importer(815301076,1909f56bfc062723c751e8b465ee728b)
Start importing Assets/Free Pixel Space Platform Pack/Spikes/Spike_01.png using Guid(2bf6f07b07a95fa4b82d50ebaa4d46c2) Importer(815301076,1909f56bfc062723c751e8b465ee728b)  -> (artifact id: '6802144ffe78faa5f9eb4aa92bb8739a') in 0.103023 seconds 
========================================================================
Received Import Request.
  Time since last request: 0.000032 seconds.
  path: Assets/Free Pixel Space Platform Pack/Spikes/Spike_03.png
  artifactKey: Guid(f9ca9e3ba4deed54988fe281e5ccf4ef) Importer(815301076,1909f56bfc062723c751e8b465ee728b)
Start importing Assets/Free Pixel Space Platform Pack/Spikes/Spike_03.png using Guid(f9ca9e3ba4deed54988fe281e5ccf4ef) Importer(815301076,1909f56bfc062723c751e8b465ee728b)  -> (artifact id: 'ace002a3849284bf86ca2398057cf8ae') in 0.069441 seconds 
========================================================================
Received Import Request.
  Time since last request: 0.075431 seconds.
  path: Assets/Free Pixel Space Platform Pack/Portal/PortalOff.png
  artifactKey: Guid(ecb1aaf3f627cd44e80d674bfd9228f2) Importer(815301076,1909f56bfc062723c751e8b465ee728b)
Start importing Assets/Free Pixel Space Platform Pack/Portal/PortalOff.png using Guid(ecb1aaf3f627cd44e80d674bfd9228f2) Importer(815301076,1909f56bfc062723c751e8b465ee728b)  -> (artifact id: '58cc7dc71034c2220cd84ddc0a52d700') in 0.042651 seconds 
========================================================================
Received Import Request.
  Time since last request: 0.442031 seconds.
  path: Assets/Free Pixel Space Platform Pack/Platforms/Platform_01.png
  artifactKey: Guid(d5a5a095533998846bf0837cde435e5d) Importer(815301076,1909f56bfc062723c751e8b465ee728b)
Start importing Assets/Free Pixel Space Platform Pack/Platforms/Platform_01.png using Guid(d5a5a095533998846bf0837cde435e5d) Importer(815301076,1909f56bfc062723c751e8b465ee728b)  -> (artifact id: 'fb3cecfe32d6c5731011a1cf7784fb46') in 0.041383 seconds 
========================================================================
Received Import Request.
  Time since last request: 0.316118 seconds.
  path: Assets/Free Pixel Space Platform Pack/Plants/GrassDown_01.png
  artifactKey: Guid(88ef4bfdabca9e644a0a8f1e0c592cba) Importer(815301076,1909f56bfc062723c751e8b465ee728b)
Start importing Assets/Free Pixel Space Platform Pack/Plants/GrassDown_01.png using Guid(88ef4bfdabca9e644a0a8f1e0c592cba) Importer(815301076,1909f56bfc062723c751e8b465ee728b)  -> (artifact id: 'aa6859e3907396ec2b6e144649c48486') in 0.037864 seconds 
========================================================================
Received Import Request.
  Time since last request: 0.000041 seconds.
  path: Assets/Free Pixel Space Platform Pack/Plants/VioletTree_03.png
  artifactKey: Guid(d7c4331171b8f1d4da407a4bd6d4f8f4) Importer(815301076,1909f56bfc062723c751e8b465ee728b)
Start importing Assets/Free Pixel Space Platform Pack/Plants/VioletTree_03.png using Guid(d7c4331171b8f1d4da407a4bd6d4f8f4) Importer(815301076,1909f56bfc062723c751e8b465ee728b)  -> (artifact id: 'aabb14570be085051996b4574d016438') in 0.034645 seconds 
========================================================================
Received Import Request.
  Time since last request: 0.000039 seconds.
  path: Assets/Free Pixel Space Platform Pack/Plants/GreenTree_02.png
  artifactKey: Guid(94f96ef6adad1744a814e6b8ece0ec8d) Importer(815301076,1909f56bfc062723c751e8b465ee728b)
Start importing Assets/Free Pixel Space Platform Pack/Plants/GreenTree_02.png using Guid(94f96ef6adad1744a814e6b8ece0ec8d) Importer(815301076,1909f56bfc062723c751e8b465ee728b)  -> (artifact id: '4dd21e9f807b9b1801f7ed6942c6e691') in 0.036844 seconds 
========================================================================
Received Import Request.
  Time since last request: 0.000073 seconds.
  path: Assets/Free Pixel Space Platform Pack/Plants/VioletMushroom_02.png
  artifactKey: Guid(9cd9401400962034eb249e1823bc1917) Importer(815301076,1909f56bfc062723c751e8b465ee728b)
Start importing Assets/Free Pixel Space Platform Pack/Plants/VioletMushroom_02.png using Guid(9cd9401400962034eb249e1823bc1917) Importer(815301076,1909f56bfc062723c751e8b465ee728b)  -> (artifact id: 'e5c7fece3cb5a7bcb3b79bfc41a0591e') in 0.040240 seconds 
========================================================================
Received Import Request.
  Time since last request: 0.000101 seconds.
  path: Assets/Free Pixel Space Platform Pack/Plants/VioletMushroom_01.png
  artifactKey: Guid(91b8dcd8b97f858439485b63a6278b62) Importer(815301076,1909f56bfc062723c751e8b465ee728b)
Start importing Assets/Free Pixel Space Platform Pack/Plants/VioletMushroom_01.png using Guid(91b8dcd8b97f858439485b63a6278b62) Importer(815301076,1909f56bfc062723c751e8b465ee728b)  -> (artifact id: 'b383e68a0c953aa163ba470d5bd718ec') in 0.034084 seconds 
========================================================================
Received Import Request.
  Time since last request: 0.000045 seconds.
  path: Assets/Free Pixel Space Platform Pack/Plants/VioletTree_01.png
  artifactKey: Guid(0ea2d438142d63f4da9a3d26c09921a0) Importer(815301076,1909f56bfc062723c751e8b465ee728b)
Start importing Assets/Free Pixel Space Platform Pack/Plants/VioletTree_01.png using Guid(0ea2d438142d63f4da9a3d26c09921a0) Importer(815301076,1909f56bfc062723c751e8b465ee728b)  -> (artifact id: '545bf8d9347931d6769a698ece064e4f') in 0.059930 seconds 
========================================================================
Received Import Request.
  Time since last request: 0.101993 seconds.
  path: Assets/Free Pixel Space Platform Pack/Ladders/Ladder_01.png
  artifactKey: Guid(620def5c8baa13d4e8e6ee6f2fc64d7d) Importer(815301076,1909f56bfc062723c751e8b465ee728b)
Start importing Assets/Free Pixel Space Platform Pack/Ladders/Ladder_01.png using Guid(620def5c8baa13d4e8e6ee6f2fc64d7d) Importer(815301076,1909f56bfc062723c751e8b465ee728b)  -> (artifact id: '979adab02e84b3980176b1d3fed50d77') in 0.038226 seconds 
========================================================================
Received Import Request.
  Time since last request: 0.330272 seconds.
  path: Assets/Free Pixel Space Platform Pack/Crystals/Crystal_01.png
  artifactKey: Guid(74a5671230dc7084fa09de6ca3a551ab) Importer(815301076,1909f56bfc062723c751e8b465ee728b)
Start importing Assets/Free Pixel Space Platform Pack/Crystals/Crystal_01.png using Guid(74a5671230dc7084fa09de6ca3a551ab) Importer(815301076,1909f56bfc062723c751e8b465ee728b)  -> (artifact id: '5544aebaa5abf08ec6844b17d009337e') in 0.030738 seconds 
========================================================================
Received Import Request.
  Time since last request: 0.000027 seconds.
  path: Assets/Free Pixel Space Platform Pack/Crystals/Crystal_03.png
  artifactKey: Guid(06443816dcf9c55449f8c2107d2c0507) Importer(815301076,1909f56bfc062723c751e8b465ee728b)
Start importing Assets/Free Pixel Space Platform Pack/Crystals/Crystal_03.png using Guid(06443816dcf9c55449f8c2107d2c0507) Importer(815301076,1909f56bfc062723c751e8b465ee728b)  -> (artifact id: '4370b6c373f31608dc7e93cd97d6b501') in 0.038445 seconds 
========================================================================
Received Import Request.
  Time since last request: 0.367833 seconds.
  path: Assets/Free Pixel Space Platform Pack/Boxes/Box_01.png
  artifactKey: Guid(1470a8da87de4eb44966e953ef10b55e) Importer(815301076,1909f56bfc062723c751e8b465ee728b)
Start importing Assets/Free Pixel Space Platform Pack/Boxes/Box_01.png using Guid(1470a8da87de4eb44966e953ef10b55e) Importer(815301076,1909f56bfc062723c751e8b465ee728b)  -> (artifact id: '0ce050d5256f08eb7e616b3455102949') in 0.030967 seconds 
========================================================================
Received Import Request.
  Time since last request: 0.413653 seconds.
  path: Assets/Free Pixel Space Platform Pack/Background/SpaceBackGround.png
  artifactKey: Guid(7531ee5749d7b3c41a9c675fd9e784e9) Importer(815301076,1909f56bfc062723c751e8b465ee728b)
Start importing Assets/Free Pixel Space Platform Pack/Background/SpaceBackGround.png using Guid(7531ee5749d7b3c41a9c675fd9e784e9) Importer(815301076,1909f56bfc062723c751e8b465ee728b)  -> (artifact id: '03271e9beeddc283da9189f60b7b3a36') in 0.109408 seconds 
========================================================================
Received Import Request.
  Time since last request: 0.198470 seconds.
  path: Assets/Free Pixel Space Platform Pack/Astronaut/AstroJump.png
  artifactKey: Guid(595455060f74ad64b8c6e73ef963ec3d) Importer(815301076,1909f56bfc062723c751e8b465ee728b)
Start importing Assets/Free Pixel Space Platform Pack/Astronaut/AstroJump.png using Guid(595455060f74ad64b8c6e73ef963ec3d) Importer(815301076,1909f56bfc062723c751e8b465ee728b)  -> (artifact id: '1fbf70b209b0e3254803cc8c533087be') in 0.048086 seconds 
========================================================================
Received Import Request.
  Time since last request: 0.000053 seconds.
  path: Assets/Free Pixel Space Platform Pack/Astronaut/AstroStay.png
  artifactKey: Guid(7147553b1e72eec449c5ace4f9f4d13a) Importer(815301076,1909f56bfc062723c751e8b465ee728b)
Start importing Assets/Free Pixel Space Platform Pack/Astronaut/AstroStay.png using Guid(7147553b1e72eec449c5ace4f9f4d13a) Importer(815301076,1909f56bfc062723c751e8b465ee728b)  -> (artifact id: 'f60d91319f4960fb81e223ea80b88d0d') in 0.028295 seconds 
Editor requested this worker to shutdown with reason: Scaling down because of idle timeout
AssetImportWorker is now disconnected from the server
Process exiting
Exiting without the bug reporter. Application will terminate with return code 0